<?xml version="1.0" encoding="UTF-8"?>
<coverage generated="1788086852">
  <project timestamp="1788086852" name="Clover Coverage">
    <package name="Alitycs">
      <file name="/Volumes/External/alitycs/.codex-tmp/alitycs-sdk-php-release-recovery/src/AnalyticsEvent.php">
        <class name="Alitycs\AnalyticsEvent" namespace="Alitycs">
          <metrics complexity="3" methods="2" coveredmethods="2" conditionals="0" coveredconditionals="0" statements="13" coveredstatements="13" elements="15" coveredelements="15"/>
        </class>
        <line num="13" type="method" name="__construct" visibility="public" complexity="1" crap="1" count="73"/>
        <line num="25" type="stmt" count="73"/>
        <line num="27" type="method" name="jsonSerialize" visibility="public" complexity="2" crap="2" count="39"/>
        <line num="29" type="stmt" count="39"/>
        <line num="30" type="stmt" count="39"/>
        <line num="31" type="stmt" count="39"/>
        <line num="32" type="stmt" count="39"/>
        <line num="33" type="stmt" count="39"/>
        <line num="34" type="stmt" count="39"/>
        <line num="35" type="stmt" count="39"/>
        <line num="38" type="stmt" count="39"/>
        <line num="39" type="stmt" count="39"/>
        <line num="40" type="stmt" count="39"/>
        <line num="41" type="stmt" count="39"/>
        <line num="42" type="stmt" count="39"/>
        <metrics loc="45" ncloc="39" classes="1" methods="2" coveredmethods="2" conditionals="0" coveredconditionals="0" statements="13" coveredstatements="13" elements="15" coveredelements="15"/>
      </file>
      <file name="/Volumes/External/alitycs/.codex-tmp/alitycs-sdk-php-release-recovery/src/BatchManager.php">
        <class name="Alitycs\BatchManager" namespace="Alitycs">
          <metrics complexity="42" methods="12" coveredmethods="10" conditionals="0" coveredconditionals="0" statements="107" coveredstatements="96" elements="119" coveredelements="106"/>
        </class>
        <line num="39" type="method" name="__construct" visibility="public" complexity="1" crap="1" count="52"/>
        <line num="48" type="stmt" count="52"/>
        <line num="51" type="method" name="add" visibility="public" complexity="6" crap="6.56" count="43"/>
        <line num="53" type="stmt" count="43"/>
        <line num="54" type="stmt" count="0"/>
        <line num="55" type="stmt" count="0"/>
        <line num="57" type="stmt" count="0"/>
        <line num="60" type="stmt" count="43"/>
        <line num="62" type="stmt" count="43"/>
        <line num="63" type="stmt" count="9"/>
        <line num="65" type="stmt" count="9"/>
        <line num="71" type="stmt" count="42"/>
        <line num="72" type="stmt" count="42"/>
        <line num="73" type="stmt" count="42"/>
        <line num="75" type="stmt" count="2"/>
        <line num="80" type="method" name="flush" visibility="public" complexity="4" crap="4" count="46"/>
        <line num="82" type="stmt" count="46"/>
        <line num="83" type="stmt" count="3"/>
        <line num="86" type="stmt" count="43"/>
        <line num="87" type="stmt" count="26"/>
        <line num="90" type="stmt" count="32"/>
        <line num="92" type="stmt" count="32"/>
        <line num="93" type="stmt" count="32"/>
        <line num="95" type="stmt" count="32"/>
        <line num="96" type="stmt" count="32"/>
        <line num="97" type="stmt" count="32"/>
        <line num="98" type="stmt" count="2"/>
        <line num="103" type="method" name="shutdown" visibility="public" complexity="2" crap="2" count="30"/>
        <line num="105" type="stmt" count="30"/>
        <line num="109" type="stmt" count="27"/>
        <line num="114" type="stmt" count="30"/>
        <line num="117" type="method" name="recoverDurable" visibility="private" complexity="3" crap="3" count="47"/>
        <line num="120" type="stmt" count="47"/>
        <line num="121" type="stmt" count="1"/>
        <line num="122" type="stmt" count="1"/>
        <line num="124" type="stmt" count="1"/>
        <line num="129" type="method" name="persistQueuedForShutdown" visibility="private" complexity="7" crap="9.36" count="30"/>
        <line num="131" type="stmt" count="30"/>
        <line num="132" type="stmt" count="26"/>
        <line num="135" type="stmt" count="4"/>
        <line num="136" type="stmt" count="0"/>
        <line num="137" type="stmt" count="0"/>
        <line num="138" type="stmt" count="0"/>
        <line num="139" type="stmt" count="0"/>
        <line num="141" type="stmt" count="0"/>
        <line num="144" type="stmt" count="4"/>
        <line num="145" type="stmt" count="4"/>
        <line num="146" type="stmt" count="4"/>
        <line num="148" type="stmt" count="4"/>
        <line num="149" type="stmt" count="0"/>
        <line num="150" type="stmt" count="0"/>
        <line num="151" type="stmt" count="0"/>
        <line num="154" type="stmt" count="4"/>
        <line num="155" type="stmt" count="2"/>
        <line num="156" type="stmt" count="2"/>
        <line num="157" type="stmt" count="2"/>
        <line num="158" type="stmt" count="2"/>
        <line num="160" type="stmt" count="2"/>
        <line num="163" type="stmt" count="3"/>
        <line num="173" type="method" name="resetForChild" visibility="public" complexity="2" crap="2" count="5"/>
        <line num="175" type="stmt" count="5"/>
        <line num="176" type="stmt" count="4"/>
        <line num="177" type="stmt" count="4"/>
        <line num="178" type="stmt" count="4"/>
        <line num="179" type="stmt" count="4"/>
        <line num="181" type="stmt" count="5"/>
        <line num="185" type="stmt" count="5"/>
        <line num="186" type="stmt" count="5"/>
        <line num="190" type="method" name="deliveredTotal" visibility="public" complexity="1" crap="1" count="5"/>
        <line num="192" type="stmt" count="5"/>
        <line num="195" type="method" name="lostTotal" visibility="public" complexity="1" crap="1" count="16"/>
        <line num="197" type="stmt" count="16"/>
        <line num="200" type="method" name="pending" visibility="public" complexity="2" crap="2" count="28"/>
        <line num="202" type="stmt" count="28"/>
        <line num="204" type="stmt" count="28"/>
        <line num="215" type="method" name="deliver" visibility="private" complexity="12" crap="12" count="32"/>
        <line num="217" type="stmt" count="32"/>
        <line num="218" type="stmt" count="1"/>
        <line num="219" type="stmt" count="1"/>
        <line num="220" type="stmt" count="1"/>
        <line num="221" type="stmt" count="1"/>
        <line num="223" type="stmt" count="1"/>
        <line num="225" type="stmt" count="32"/>
        <line num="227" type="stmt" count="32"/>
        <line num="228" type="stmt" count="32"/>
        <line num="229" type="stmt" count="3"/>
        <line num="230" type="stmt" count="3"/>
        <line num="231" type="stmt" count="2"/>
        <line num="233" type="stmt" count="2"/>
        <line num="236" type="stmt" count="1"/>
        <line num="237" type="stmt" count="1"/>
        <line num="239" type="stmt" count="1"/>
        <line num="241" type="stmt" count="30"/>
        <line num="242" type="stmt" count="22"/>
        <line num="243" type="stmt" count="8"/>
        <line num="245" type="stmt" count="30"/>
        <line num="246" type="stmt" count="23"/>
        <line num="248" type="stmt" count="23"/>
        <line num="251" type="stmt" count="10"/>
        <line num="252" type="stmt" count="5"/>
        <line num="253" type="stmt" count="5"/>
        <line num="254" type="stmt" count="5"/>
        <line num="256" type="stmt" count="5"/>
        <line num="259" type="stmt" count="7"/>
        <line num="260" type="stmt" count="4"/>
        <line num="261" type="stmt" count="4"/>
        <line num="262" type="stmt" count="4"/>
        <line num="263" type="stmt" count="4"/>
        <line num="264" type="stmt" count="4"/>
        <line num="266" type="stmt" count="4"/>
        <line num="269" type="stmt" count="3"/>
        <line num="270" type="stmt" count="1"/>
        <line num="272" type="stmt" count="1"/>
        <line num="275" type="stmt" count="2"/>
        <line num="276" type="stmt" count="2"/>
        <line num="278" type="stmt" count="2"/>
        <line num="281" type="method" name="now" visibility="private" complexity="1" crap="1" count="52"/>
        <line num="283" type="stmt" count="52"/>
        <line num="285" type="stmt" count="52"/>
        <metrics loc="288" ncloc="239" classes="1" methods="12" coveredmethods="10" conditionals="0" coveredconditionals="0" statements="107" coveredstatements="96" elements="119" coveredelements="106"/>
      </file>
      <file name="/Volumes/External/alitycs/.codex-tmp/alitycs-sdk-php-release-recovery/src/BatchPayload.php">
        <class name="Alitycs\BatchPayload" namespace="Alitycs">
          <metrics complexity="2" methods="2" coveredmethods="2" conditionals="0" coveredconditionals="0" statements="6" coveredstatements="6" elements="8" coveredelements="8"/>
        </class>
        <line num="16" type="method" name="__construct" visibility="public" complexity="1" crap="1" count="55"/>
        <line num="21" type="stmt" count="55"/>
        <line num="23" type="method" name="jsonSerialize" visibility="public" complexity="1" crap="1" count="36"/>
        <line num="25" type="stmt" count="36"/>
        <line num="26" type="stmt" count="36"/>
        <line num="27" type="stmt" count="36"/>
        <line num="28" type="stmt" count="36"/>
        <line num="29" type="stmt" count="36"/>
        <metrics loc="32" ncloc="25" classes="1" methods="2" coveredmethods="2" conditionals="0" coveredconditionals="0" statements="6" coveredstatements="6" elements="8" coveredelements="8"/>
      </file>
      <file name="/Volumes/External/alitycs/.codex-tmp/alitycs-sdk-php-release-recovery/src/Client.php">
        <class name="Alitycs\Client" namespace="Alitycs">
          <metrics complexity="53" methods="23" coveredmethods="19" conditionals="0" coveredconditionals="0" statements="130" coveredstatements="125" elements="153" coveredelements="144"/>
        </class>
        <line num="66" type="method" name="__construct" visibility="public" complexity="4" crap="4" count="29"/>
        <line num="68" type="stmt" count="29"/>
        <line num="69" type="stmt" count="29"/>
        <line num="70" type="stmt" count="29"/>
        <line num="71" type="stmt" count="29"/>
        <line num="72" type="stmt" count="29"/>
        <line num="73" type="stmt" count="29"/>
        <line num="74" type="stmt" count="29"/>
        <line num="75" type="stmt" count="29"/>
        <line num="76" type="stmt" count="29"/>
        <line num="77" type="stmt" count="29"/>
        <line num="78" type="stmt" count="29"/>
        <line num="79" type="stmt" count="29"/>
        <line num="80" type="stmt" count="27"/>
        <line num="81" type="stmt" count="27"/>
        <line num="82" type="stmt" count="27"/>
        <line num="83" type="stmt" count="27"/>
        <line num="84" type="stmt" count="27"/>
        <line num="85" type="stmt" count="27"/>
        <line num="86" type="stmt" count="27"/>
        <line num="87" type="stmt" count="27"/>
        <line num="88" type="stmt" count="2"/>
        <line num="90" type="stmt" count="29"/>
        <line num="91" type="stmt" count="29"/>
        <line num="92" type="stmt" count="29"/>
        <line num="96" type="stmt" count="29"/>
        <line num="97" type="stmt" count="1"/>
        <line num="99" type="stmt" count="1"/>
        <line num="100" type="stmt" count="0"/>
        <line num="101" type="stmt" count="1"/>
        <line num="116" type="method" name="resetForChildProcess" visibility="public" complexity="3" crap="3.04" count="3"/>
        <line num="118" type="stmt" count="3"/>
        <line num="119" type="stmt" count="3"/>
        <line num="120" type="stmt" count="0"/>
        <line num="123" type="stmt" count="3"/>
        <line num="124" type="stmt" count="3"/>
        <line num="125" type="stmt" count="3"/>
        <line num="130" type="method" name="resetForChild" visibility="private" complexity="1" crap="1" count="3"/>
        <line num="132" type="stmt" count="3"/>
        <line num="133" type="stmt" count="3"/>
        <line num="134" type="stmt" count="3"/>
        <line num="141" type="method" name="adoptCurrentProcess" visibility="private" complexity="4" crap="4" count="28"/>
        <line num="143" type="stmt" count="28"/>
        <line num="144" type="stmt" count="28"/>
        <line num="145" type="stmt" count="1"/>
        <line num="150" type="method" name="flushAllAtShutdown" visibility="private" complexity="3" crap="4.12" count="1"/>
        <line num="152" type="stmt" count="1"/>
        <line num="154" type="stmt" count="1"/>
        <line num="155" type="stmt" count="0"/>
        <line num="156" type="stmt" count="0"/>
        <line num="167" type="method" name="snapshotLiveClients" visibility="private" complexity="3" crap="3" count="5"/>
        <line num="169" type="stmt" count="5"/>
        <line num="170" type="stmt" count="1"/>
        <line num="173" type="stmt" count="4"/>
        <line num="174" type="stmt" count="4"/>
        <line num="175" type="stmt" count="4"/>
        <line num="178" type="stmt" count="4"/>
        <line num="182" type="method" name="track" visibility="public" complexity="2" crap="2" count="21"/>
        <line num="184" type="stmt" count="21"/>
        <line num="185" type="stmt" count="1"/>
        <line num="188" type="stmt" count="20"/>
        <line num="196" type="method" name="trackRevenue" visibility="public" complexity="1" crap="1" count="3"/>
        <line num="202" type="stmt" count="3"/>
        <line num="206" type="method" name="captureError" visibility="public" complexity="2" crap="2" count="4"/>
        <line num="208" type="stmt" count="4"/>
        <line num="209" type="stmt" count="1"/>
        <line num="212" type="stmt" count="3"/>
        <line num="220" type="method" name="identify" visibility="public" complexity="2" crap="2" count="6"/>
        <line num="222" type="stmt" count="6"/>
        <line num="223" type="stmt" count="1"/>
        <line num="226" type="stmt" count="5"/>
        <line num="227" type="stmt" count="5"/>
        <line num="230" type="stmt" count="5"/>
        <line num="234" type="method" name="page" visibility="public" complexity="3" crap="3" count="3"/>
        <line num="236" type="stmt" count="3"/>
        <line num="238" type="stmt" count="3"/>
        <line num="242" type="method" name="reset" visibility="public" complexity="1" crap="1" count="3"/>
        <line num="244" type="stmt" count="3"/>
        <line num="245" type="stmt" count="3"/>
        <line num="265" type="method" name="resetForRequest" visibility="public" complexity="1" crap="1" count="2"/>
        <line num="267" type="stmt" count="2"/>
        <line num="268" type="stmt" count="2"/>
        <line num="272" type="method" name="setGlobalProperties" visibility="public" complexity="2" crap="2" count="4"/>
        <line num="274" type="stmt" count="4"/>
        <line num="275" type="stmt" count="4"/>
        <line num="280" type="method" name="getGlobalProperties" visibility="public" complexity="1" crap="1" count="4"/>
        <line num="282" type="stmt" count="4"/>
        <line num="286" type="method" name="removeGlobalProperties" visibility="public" complexity="2" crap="2" count="1"/>
        <line num="288" type="stmt" count="1"/>
        <line num="289" type="stmt" count="1"/>
        <line num="293" type="method" name="clearGlobalProperties" visibility="public" complexity="1" crap="1" count="1"/>
        <line num="295" type="stmt" count="1"/>
        <line num="299" type="method" name="flush" visibility="public" complexity="3" crap="3.04" count="17"/>
        <line num="301" type="stmt" count="17"/>
        <line num="303" type="stmt" count="17"/>
        <line num="304" type="stmt" count="1"/>
        <line num="307" type="stmt" count="16"/>
        <line num="308" type="stmt" count="16"/>
        <line num="310" type="stmt" count="0"/>
        <line num="320" type="method" name="shutdown" visibility="public" complexity="4" crap="4" count="28"/>
        <line num="323" type="stmt" count="28"/>
        <line num="325" type="stmt" count="28"/>
        <line num="326" type="stmt" count="7"/>
        <line num="329" type="stmt" count="28"/>
        <line num="330" type="stmt" count="28"/>
        <line num="331" type="stmt" count="28"/>
        <line num="336" type="stmt" count="28"/>
        <line num="337" type="stmt" count="26"/>
        <line num="339" type="stmt" count="2"/>
        <line num="344" type="method" name="pending" visibility="public" complexity="1" crap="1" count="8"/>
        <line num="346" type="stmt" count="8"/>
        <line num="348" type="stmt" count="8"/>
        <line num="355" type="method" name="rejectedLocally" visibility="public" complexity="1" crap="1" count="1"/>
        <line num="357" type="stmt" count="1"/>
        <line num="361" type="method" name="getBatchManager" visibility="public" complexity="1" crap="1" count="1"/>
        <line num="363" type="stmt" count="1"/>
        <line num="367" type="method" name="enqueue" visibility="private" complexity="7" crap="7" count="23"/>
        <line num="375" type="stmt" count="23"/>
        <line num="377" type="stmt" count="23"/>
        <line num="378" type="stmt" count="2"/>
        <line num="380" type="stmt" count="2"/>
        <line num="383" type="stmt" count="21"/>
        <line num="384" type="stmt" count="21"/>
        <line num="388" type="stmt" count="21"/>
        <line num="389" type="stmt" count="3"/>
        <line num="390" type="stmt" count="19"/>
        <line num="393" type="stmt" count="21"/>
        <line num="394" type="stmt" count="21"/>
        <line num="395" type="stmt" count="21"/>
        <line num="396" type="stmt" count="21"/>
        <line num="397" type="stmt" count="21"/>
        <line num="398" type="stmt" count="21"/>
        <line num="399" type="stmt" count="21"/>
        <line num="400" type="stmt" count="21"/>
        <line num="401" type="stmt" count="21"/>
        <line num="402" type="stmt" count="21"/>
        <line num="403" type="stmt" count="21"/>
        <line num="404" type="stmt" count="21"/>
        <line num="405" type="stmt" count="21"/>
        <line num="406" type="stmt" count="21"/>
        <line num="407" type="stmt" count="21"/>
        <line num="408" type="stmt" count="1"/>
        <line num="411" type="stmt" count="1"/>
        <line num="412" type="stmt" count="1"/>
        <line num="414" type="stmt" count="1"/>
        <line num="417" type="stmt" count="21"/>
        <line num="418" type="stmt" count="19"/>
        <line num="420" type="stmt" count="19"/>
        <line num="424" type="stmt" count="2"/>
        <line num="425" type="stmt" count="2"/>
        <line num="426" type="stmt" count="2"/>
        <line num="427" type="stmt" count="2"/>
        <line num="428" type="stmt" count="1"/>
        <metrics loc="432" ncloc="312" classes="1" methods="23" coveredmethods="19" conditionals="0" coveredconditionals="0" statements="130" coveredstatements="125" elements="153" coveredelements="144"/>
      </file>
      <file name="/Volumes/External/alitycs/.codex-tmp/alitycs-sdk-php-release-recovery/src/Config.php">
        <class name="Alitycs\Config" namespace="Alitycs">
          <metrics complexity="24" methods="7" coveredmethods="7" conditionals="0" coveredconditionals="0" statements="49" coveredstatements="49" elements="56" coveredelements="56"/>
        </class>
        <line num="71" type="method" name="__construct" visibility="public" complexity="5" crap="5" count="78"/>
        <line num="73" type="stmt" count="78"/>
        <line num="74" type="stmt" count="2"/>
        <line num="76" type="stmt" count="76"/>
        <line num="78" type="stmt" count="76"/>
        <line num="79" type="stmt" count="75"/>
        <line num="80" type="stmt" count="1"/>
        <line num="84" type="stmt" count="75"/>
        <line num="85" type="stmt" count="73"/>
        <line num="86" type="stmt" count="71"/>
        <line num="87" type="stmt" count="68"/>
        <line num="88" type="stmt" count="67"/>
        <line num="89" type="stmt" count="66"/>
        <line num="90" type="stmt" count="65"/>
        <line num="91" type="stmt" count="64"/>
        <line num="92" type="stmt" count="63"/>
        <line num="93" type="stmt" count="62"/>
        <line num="98" type="stmt" count="60"/>
        <line num="99" type="stmt" count="3"/>
        <line num="100" type="stmt" count="3"/>
        <line num="101" type="stmt" count="3"/>
        <line num="102" type="stmt" count="3"/>
        <line num="106" type="method" name="apiKey" visibility="public" complexity="1" crap="1" count="30"/>
        <line num="108" type="stmt" count="30"/>
        <line num="114" type="method" name="stringOption" visibility="private" complexity="3" crap="3" count="75"/>
        <line num="116" type="stmt" count="75"/>
        <line num="117" type="stmt" count="75"/>
        <line num="118" type="stmt" count="2"/>
        <line num="121" type="stmt" count="73"/>
        <line num="127" type="method" name="intOption" visibility="private" complexity="3" crap="3" count="73"/>
        <line num="129" type="stmt" count="73"/>
        <line num="130" type="stmt" count="73"/>
        <line num="131" type="stmt" count="1"/>
        <line num="133" type="stmt" count="72"/>
        <line num="134" type="stmt" count="5"/>
        <line num="137" type="stmt" count="71"/>
        <line num="143" type="method" name="floatOption" visibility="private" complexity="5" crap="5" count="71"/>
        <line num="145" type="stmt" count="71"/>
        <line num="147" type="stmt" count="71"/>
        <line num="148" type="stmt" count="1"/>
        <line num="150" type="stmt" count="70"/>
        <line num="151" type="stmt" count="70"/>
        <line num="152" type="stmt" count="2"/>
        <line num="155" type="stmt" count="68"/>
        <line num="161" type="method" name="boolOption" visibility="private" complexity="2" crap="2" count="64"/>
        <line num="163" type="stmt" count="64"/>
        <line num="164" type="stmt" count="64"/>
        <line num="165" type="stmt" count="2"/>
        <line num="168" type="stmt" count="63"/>
        <line num="172" type="method" name="nullableStringOption" visibility="private" complexity="5" crap="5" count="62"/>
        <line num="174" type="stmt" count="62"/>
        <line num="175" type="stmt" count="59"/>
        <line num="178" type="stmt" count="3"/>
        <line num="179" type="stmt" count="3"/>
        <line num="180" type="stmt" count="2"/>
        <line num="183" type="stmt" count="1"/>
        <metrics loc="186" ncloc="144" classes="1" methods="7" coveredmethods="7" conditionals="0" coveredconditionals="0" statements="49" coveredstatements="49" elements="56" coveredelements="56"/>
      </file>
      <file name="/Volumes/External/alitycs/.codex-tmp/alitycs-sdk-php-release-recovery/src/Context.php">
        <class name="Alitycs\Context" namespace="Alitycs">
          <metrics complexity="5" methods="2" coveredmethods="1" conditionals="0" coveredconditionals="0" statements="13" coveredstatements="12" elements="15" coveredelements="13"/>
        </class>
        <line num="12" type="method" name="collect" visibility="public" complexity="1" crap="1" count="23"/>
        <line num="14" type="stmt" count="23"/>
        <line num="15" type="stmt" count="23"/>
        <line num="16" type="stmt" count="23"/>
        <line num="17" type="stmt" count="23"/>
        <line num="18" type="stmt" count="23"/>
        <line num="19" type="stmt" count="23"/>
        <line num="20" type="stmt" count="23"/>
        <line num="21" type="stmt" count="23"/>
        <line num="22" type="stmt" count="23"/>
        <line num="29" type="method" name="locale" visibility="private" complexity="4" crap="4.25" count="23"/>
        <line num="31" type="stmt" count="23"/>
        <line num="32" type="stmt" count="0"/>
        <line num="35" type="stmt" count="23"/>
        <line num="37" type="stmt" count="23"/>
        <metrics loc="40" ncloc="33" classes="1" methods="2" coveredmethods="1" conditionals="0" coveredconditionals="0" statements="13" coveredstatements="12" elements="15" coveredelements="13"/>
      </file>
      <file name="/Volumes/External/alitycs/.codex-tmp/alitycs-sdk-php-release-recovery/src/DeliveryResult.php">
        <class name="Alitycs\DeliveryResult" namespace="Alitycs">
          <metrics complexity="7" methods="7" coveredmethods="7" conditionals="0" coveredconditionals="0" statements="7" coveredstatements="7" elements="14" coveredelements="14"/>
        </class>
        <line num="14" type="method" name="__construct" visibility="private" complexity="1" crap="1" count="49"/>
        <line num="19" type="stmt" count="49"/>
        <line num="21" type="method" name="accepted" visibility="public" complexity="1" crap="1" count="35"/>
        <line num="23" type="stmt" count="35"/>
        <line num="26" type="method" name="rejected" visibility="public" complexity="1" crap="1" count="10"/>
        <line num="28" type="stmt" count="10"/>
        <line num="31" type="method" name="transient" visibility="public" complexity="1" crap="1" count="9"/>
        <line num="33" type="stmt" count="9"/>
        <line num="36" type="method" name="isAccepted" visibility="public" complexity="1" crap="1" count="47"/>
        <line num="38" type="stmt" count="47"/>
        <line num="41" type="method" name="isRejected" visibility="public" complexity="1" crap="1" count="10"/>
        <line num="43" type="stmt" count="10"/>
        <line num="46" type="method" name="isTransient" visibility="public" complexity="1" crap="1" count="4"/>
        <line num="48" type="stmt" count="4"/>
        <metrics loc="51" ncloc="50" classes="1" methods="7" coveredmethods="7" conditionals="0" coveredconditionals="0" statements="7" coveredstatements="7" elements="14" coveredelements="14"/>
      </file>
      <file name="/Volumes/External/alitycs/.codex-tmp/alitycs-sdk-php-release-recovery/src/EventContext.php">
        <class name="Alitycs\EventContext" namespace="Alitycs">
          <metrics complexity="2" methods="2" coveredmethods="2" conditionals="0" coveredconditionals="0" statements="10" coveredstatements="10" elements="12" coveredelements="12"/>
        </class>
        <line num="14" type="method" name="__construct" visibility="public" complexity="1" crap="1" count="76"/>
        <line num="23" type="stmt" count="76"/>
        <line num="25" type="method" name="jsonSerialize" visibility="public" complexity="1" crap="1" count="40"/>
        <line num="27" type="stmt" count="40"/>
        <line num="28" type="stmt" count="40"/>
        <line num="29" type="stmt" count="40"/>
        <line num="30" type="stmt" count="40"/>
        <line num="31" type="stmt" count="40"/>
        <line num="32" type="stmt" count="40"/>
        <line num="33" type="stmt" count="40"/>
        <line num="34" type="stmt" count="40"/>
        <line num="35" type="stmt" count="40"/>
        <metrics loc="38" ncloc="33" classes="1" methods="2" coveredmethods="2" conditionals="0" coveredconditionals="0" statements="10" coveredstatements="10" elements="12" coveredelements="12"/>
      </file>
      <file name="/Volumes/External/alitycs/.codex-tmp/alitycs-sdk-php-release-recovery/src/EventRejectedError.php">
        <class name="Alitycs\EventRejectedError" namespace="Alitycs">
          <metrics complexity="0" methods="0" coveredmethods="0" conditionals="0" coveredconditionals="0" statements="0" coveredstatements="0" elements="0" coveredelements="0"/>
        </class>
        <metrics loc="14" ncloc="10" classes="0" methods="0" coveredmethods="0" conditionals="0" coveredconditionals="0" statements="0" coveredstatements="0" elements="0" coveredelements="0"/>
      </file>
      <file name="/Volumes/External/alitycs/.codex-tmp/alitycs-sdk-php-release-recovery/src/FileBatchStore.php">
        <class name="Alitycs\FileBatchStore" namespace="Alitycs">
          <metrics complexity="58" methods="11" coveredmethods="10" conditionals="0" coveredconditionals="0" statements="109" coveredstatements="102" elements="120" coveredelements="112"/>
        </class>
        <line num="20" type="method" name="__construct" visibility="public" complexity="18" crap="18" count="61"/>
        <line num="22" type="stmt" count="61"/>
        <line num="23" type="stmt" count="1"/>
        <line num="25" type="stmt" count="60"/>
        <line num="26" type="stmt" count="60"/>
        <line num="27" type="stmt" count="44"/>
        <line num="30" type="stmt" count="16"/>
        <line num="31" type="stmt" count="10"/>
        <line num="32" type="stmt" count="10"/>
        <line num="33" type="stmt" count="10"/>
        <line num="34" type="stmt" count="1"/>
        <line num="37" type="stmt" count="9"/>
        <line num="39" type="stmt" count="9"/>
        <line num="40" type="stmt" count="9"/>
        <line num="41" type="stmt" count="9"/>
        <line num="42" type="stmt" count="9"/>
        <line num="43" type="stmt" count="9"/>
        <line num="44" type="stmt" count="9"/>
        <line num="46" type="stmt" count="1"/>
        <line num="48" type="stmt" count="8"/>
        <line num="49" type="stmt" count="1"/>
        <line num="51" type="stmt" count="8"/>
        <line num="53" type="stmt" count="7"/>
        <line num="54" type="stmt" count="1"/>
        <line num="55" type="stmt" count="1"/>
        <line num="56" type="stmt" count="1"/>
        <line num="61" type="method" name="enabled" visibility="public" complexity="1" crap="1" count="55"/>
        <line num="63" type="stmt" count="55"/>
        <line num="66" type="method" name="put" visibility="public" complexity="6" crap="6" count="43"/>
        <line num="68" type="stmt" count="43"/>
        <line num="69" type="stmt" count="31"/>
        <line num="71" type="stmt" count="12"/>
        <line num="72" type="stmt" count="1"/>
        <line num="75" type="stmt" count="12"/>
        <line num="76" type="stmt" count="12"/>
        <line num="77" type="stmt" count="12"/>
        <line num="78" type="stmt" count="12"/>
        <line num="79" type="stmt" count="12"/>
        <line num="80" type="stmt" count="12"/>
        <line num="81" type="stmt" count="12"/>
        <line num="83" type="stmt" count="12"/>
        <line num="84" type="stmt" count="2"/>
        <line num="85" type="stmt" count="2"/>
        <line num="86" type="stmt" count="2"/>
        <line num="90" type="method" name="acknowledge" visibility="public" complexity="4" crap="4" count="34"/>
        <line num="92" type="stmt" count="34"/>
        <line num="93" type="stmt" count="28"/>
        <line num="96" type="stmt" count="6"/>
        <line num="97" type="stmt" count="6"/>
        <line num="99" type="stmt" count="6"/>
        <line num="100" type="stmt" count="2"/>
        <line num="101" type="stmt" count="2"/>
        <line num="102" type="stmt" count="2"/>
        <line num="106" type="method" name="pause" visibility="public" complexity="4" crap="4" count="6"/>
        <line num="108" type="stmt" count="6"/>
        <line num="109" type="stmt" count="1"/>
        <line num="112" type="stmt" count="5"/>
        <line num="113" type="stmt" count="5"/>
        <line num="115" type="stmt" count="5"/>
        <line num="116" type="stmt" count="1"/>
        <line num="117" type="stmt" count="1"/>
        <line num="118" type="stmt" count="1"/>
        <line num="123" type="method" name="resetForChild" visibility="public" complexity="1" crap="1" count="4"/>
        <line num="125" type="stmt" count="4"/>
        <line num="126" type="stmt" count="4"/>
        <line num="127" type="stmt" count="4"/>
        <line num="129" type="stmt" count="4"/>
        <line num="133" type="method" name="snapshot" visibility="public" complexity="1" crap="1" count="38"/>
        <line num="135" type="stmt" count="38"/>
        <line num="138" type="method" name="pendingEvents" visibility="public" complexity="1" crap="1" count="22"/>
        <line num="140" type="stmt" count="22"/>
        <line num="143" type="method" name="contains" visibility="public" complexity="1" crap="1" count="2"/>
        <line num="145" type="stmt" count="2"/>
        <line num="148" type="method" name="persist" visibility="private" complexity="19" crap="20.93" count="12"/>
        <line num="150" type="stmt" count="12"/>
        <line num="151" type="stmt" count="0"/>
        <line num="154" type="stmt" count="12"/>
        <line num="155" type="stmt" count="4"/>
        <line num="156" type="stmt" count="0"/>
        <line num="158" type="stmt" count="4"/>
        <line num="160" type="stmt" count="4"/>
        <line num="163" type="stmt" count="12"/>
        <line num="164" type="stmt" count="12"/>
        <line num="165" type="stmt" count="2"/>
        <line num="168" type="stmt" count="10"/>
        <line num="169" type="stmt" count="10"/>
        <line num="170" type="stmt" count="10"/>
        <line num="171" type="stmt" count="10"/>
        <line num="172" type="stmt" count="10"/>
        <line num="173" type="stmt" count="10"/>
        <line num="174" type="stmt" count="0"/>
        <line num="177" type="stmt" count="10"/>
        <line num="179" type="stmt" count="10"/>
        <line num="180" type="stmt" count="10"/>
        <line num="181" type="stmt" count="0"/>
        <line num="183" type="stmt" count="10"/>
        <line num="184" type="stmt" count="10"/>
        <line num="185" type="stmt" count="10"/>
        <line num="186" type="stmt" count="10"/>
        <line num="187" type="stmt" count="10"/>
        <line num="188" type="stmt" count="0"/>
        <line num="190" type="stmt" count="10"/>
        <line num="192" type="stmt" count="10"/>
        <line num="193" type="stmt" count="0"/>
        <line num="195" type="stmt" count="10"/>
        <line num="196" type="stmt" count="10"/>
        <line num="197" type="stmt" count="10"/>
        <line num="198" type="stmt" count="10"/>
        <line num="199" type="stmt" count="2"/>
        <line num="201" type="stmt" count="10"/>
        <line num="203" type="stmt" count="10"/>
        <line num="204" type="stmt" count="0"/>
        <line num="206" type="stmt" count="10"/>
        <line num="207" type="stmt" count="2"/>
        <line num="212" type="method" name="syncDirectoryBestEffort" visibility="private" complexity="2" crap="2" count="11"/>
        <line num="214" type="stmt" count="11"/>
        <line num="215" type="stmt" count="11"/>
        <line num="216" type="stmt" count="1"/>
        <line num="218" type="stmt" count="10"/>
        <line num="219" type="stmt" count="10"/>
        <metrics loc="222" ncloc="213" classes="1" methods="11" coveredmethods="10" conditionals="0" coveredconditionals="0" statements="109" coveredstatements="102" elements="120" coveredelements="112"/>
      </file>
      <file name="/Volumes/External/alitycs/.codex-tmp/alitycs-sdk-php-release-recovery/src/HttpTransport.php">
        <class name="Alitycs\HttpTransport" namespace="Alitycs">
          <metrics complexity="48" methods="13" coveredmethods="9" conditionals="0" coveredconditionals="0" statements="149" coveredstatements="129" elements="162" coveredelements="138"/>
        </class>
        <line num="32" type="method" name="__construct" visibility="public" complexity="1" crap="1" count="49"/>
        <line num="42" type="stmt" count="49"/>
        <line num="46" type="method" name="send" visibility="public" complexity="3" crap="3.65" count="17"/>
        <line num="50" type="stmt" count="17"/>
        <line num="51" type="stmt" count="17"/>
        <line num="52" type="stmt" count="17"/>
        <line num="53" type="stmt" count="17"/>
        <line num="54" type="stmt" count="17"/>
        <line num="55" type="stmt" count="0"/>
        <line num="57" type="stmt" count="0"/>
        <line num="61" type="stmt" count="17"/>
        <line num="63" type="stmt" count="17"/>
        <line num="64" type="stmt" count="0"/>
        <line num="65" type="stmt" count="0"/>
        <line num="67" type="stmt" count="0"/>
        <line num="72" type="method" name="sendWithOutcome" visibility="public" complexity="4" crap="7.26" count="16"/>
        <line num="74" type="stmt" count="16"/>
        <line num="75" type="stmt" count="16"/>
        <line num="76" type="stmt" count="16"/>
        <line num="77" type="stmt" count="16"/>
        <line num="78" type="stmt" count="16"/>
        <line num="79" type="stmt" count="0"/>
        <line num="81" type="stmt" count="0"/>
        <line num="85" type="stmt" count="16"/>
        <line num="87" type="stmt" count="16"/>
        <line num="88" type="stmt" count="0"/>
        <line num="89" type="stmt" count="0"/>
        <line num="90" type="stmt" count="0"/>
        <line num="91" type="stmt" count="0"/>
        <line num="92" type="stmt" count="0"/>
        <line num="93" type="stmt" count="0"/>
        <line num="95" type="stmt" count="0"/>
        <line num="98" type="stmt" count="0"/>
        <line num="103" type="method" name="persist" visibility="public" complexity="2" crap="2" count="2"/>
        <line num="106" type="stmt" count="2"/>
        <line num="107" type="stmt" count="2"/>
        <line num="108" type="stmt" count="2"/>
        <line num="109" type="stmt" count="2"/>
        <line num="110" type="stmt" count="2"/>
        <line num="111" type="stmt" count="2"/>
        <line num="112" type="stmt" count="2"/>
        <line num="113" type="stmt" count="2"/>
        <line num="115" type="stmt" count="1"/>
        <line num="116" type="stmt" count="1"/>
        <line num="117" type="stmt" count="1"/>
        <line num="119" type="stmt" count="1"/>
        <line num="124" type="method" name="recover" visibility="public" complexity="6" crap="6" count="34"/>
        <line num="126" type="stmt" count="34"/>
        <line num="127" type="stmt" count="6"/>
        <line num="128" type="stmt" count="6"/>
        <line num="131" type="stmt" count="1"/>
        <line num="135" type="stmt" count="5"/>
        <line num="136" type="stmt" count="1"/>
        <line num="137" type="stmt" count="1"/>
        <line num="139" type="stmt" count="1"/>
        <line num="143" type="stmt" count="4"/>
        <line num="144" type="stmt" count="1"/>
        <line num="148" type="stmt" count="31"/>
        <line num="151" type="method" name="pendingDurableEvents" visibility="public" complexity="1" crap="1" count="14"/>
        <line num="153" type="stmt" count="14"/>
        <line num="156" type="method" name="durableEnabled" visibility="public" complexity="1" crap="1" count="28"/>
        <line num="158" type="stmt" count="28"/>
        <line num="161" type="method" name="resetForChild" visibility="public" complexity="2" crap="4.05" count="3"/>
        <line num="163" type="stmt" count="3"/>
        <line num="164" type="stmt" count="0"/>
        <line num="165" type="stmt" count="0"/>
        <line num="166" type="stmt" count="0"/>
        <line num="167" type="stmt" count="0"/>
        <line num="171" type="method" name="sendRecord" visibility="private" complexity="17" crap="17" count="36"/>
        <line num="174" type="stmt" count="36"/>
        <line num="175" type="stmt" count="36"/>
        <line num="176" type="stmt" count="36"/>
        <line num="178" type="stmt" count="36"/>
        <line num="179" type="stmt" count="36"/>
        <line num="182" type="stmt" count="9"/>
        <line num="183" type="stmt" count="9"/>
        <line num="184" type="stmt" count="9"/>
        <line num="185" type="stmt" count="9"/>
        <line num="186" type="stmt" count="9"/>
        <line num="187" type="stmt" count="3"/>
        <line num="188" type="stmt" count="3"/>
        <line num="190" type="stmt" count="9"/>
        <line num="193" type="stmt" count="36"/>
        <line num="195" type="stmt" count="36"/>
        <line num="196" type="stmt" count="2"/>
        <line num="197" type="stmt" count="34"/>
        <line num="198" type="stmt" count="29"/>
        <line num="200" type="stmt" count="28"/>
        <line num="201" type="stmt" count="15"/>
        <line num="204" type="stmt" count="1"/>
        <line num="206" type="stmt" count="1"/>
        <line num="208" type="stmt" count="1"/>
        <line num="209" type="stmt" count="14"/>
        <line num="210" type="stmt" count="3"/>
        <line num="212" type="stmt" count="3"/>
        <line num="214" type="stmt" count="3"/>
        <line num="216" type="stmt" count="11"/>
        <line num="217" type="stmt" count="6"/>
        <line num="218" type="stmt" count="6"/>
        <line num="220" type="stmt" count="11"/>
        <line num="223" type="stmt" count="13"/>
        <line num="224" type="stmt" count="9"/>
        <line num="228" type="stmt" count="6"/>
        <line num="229" type="stmt" count="3"/>
        <line num="230" type="stmt" count="3"/>
        <line num="232" type="stmt" count="3"/>
        <line num="235" type="stmt" count="6"/>
        <line num="236" type="stmt" count="6"/>
        <line num="237" type="stmt" count="6"/>
        <line num="238" type="stmt" count="6"/>
        <line num="247" type="method" name="parseRetryAfterMs" visibility="private" complexity="5" crap="5.01" count="7"/>
        <line num="249" type="stmt" count="7"/>
        <line num="250" type="stmt" count="7"/>
        <line num="251" type="stmt" count="1"/>
        <line num="254" type="stmt" count="6"/>
        <line num="255" type="stmt" count="6"/>
        <line num="256" type="stmt" count="3"/>
        <line num="257" type="stmt" count="3"/>
        <line num="258" type="stmt" count="3"/>
        <line num="260" type="stmt" count="3"/>
        <line num="261" type="stmt" count="0"/>
        <line num="262" type="stmt" count="3"/>
        <line num="265" type="stmt" count="3"/>
        <line num="266" type="stmt" count="3"/>
        <line num="267" type="stmt" count="1"/>
        <line num="270" type="stmt" count="2"/>
        <line num="276" type="method" name="post" visibility="private" complexity="3" crap="3" count="36"/>
        <line num="280" type="stmt" count="36"/>
        <line num="281" type="stmt" count="36"/>
        <line num="282" type="stmt" count="34"/>
        <line num="283" type="stmt" count="34"/>
        <line num="284" type="stmt" count="34"/>
        <line num="285" type="stmt" count="34"/>
        <line num="288" type="stmt" count="34"/>
        <line num="289" type="stmt" count="36"/>
        <line num="291" type="stmt" count="36"/>
        <line num="292" type="stmt" count="36"/>
        <line num="293" type="stmt" count="36"/>
        <line num="294" type="stmt" count="36"/>
        <line num="295" type="stmt" count="36"/>
        <line num="296" type="stmt" count="36"/>
        <line num="297" type="stmt" count="36"/>
        <line num="298" type="stmt" count="36"/>
        <line num="299" type="stmt" count="36"/>
        <line num="300" type="stmt" count="36"/>
        <line num="301" type="stmt" count="36"/>
        <line num="302" type="stmt" count="36"/>
        <line num="303" type="stmt" count="36"/>
        <line num="305" type="stmt" count="36"/>
        <line num="306" type="stmt" count="36"/>
        <line num="307" type="stmt" count="2"/>
        <line num="308" type="stmt" count="2"/>
        <line num="312" type="stmt" count="2"/>
        <line num="315" type="stmt" count="34"/>
        <line num="317" type="stmt" count="34"/>
        <line num="320" type="method" name="sleep" visibility="private" complexity="2" crap="2" count="9"/>
        <line num="322" type="stmt" count="9"/>
        <line num="323" type="stmt" count="8"/>
        <line num="325" type="stmt" count="8"/>
        <line num="328" type="stmt" count="1"/>
        <line num="331" type="method" name="nowMs" visibility="private" complexity="1" crap="1" count="4"/>
        <line num="333" type="stmt" count="4"/>
        <metrics loc="336" ncloc="292" classes="1" methods="13" coveredmethods="9" conditionals="0" coveredconditionals="0" statements="149" coveredstatements="129" elements="162" coveredelements="138"/>
      </file>
      <file name="/Volumes/External/alitycs/.codex-tmp/alitycs-sdk-php-release-recovery/src/Limits.php">
        <class name="Alitycs\Limits" namespace="Alitycs">
          <metrics complexity="0" methods="0" coveredmethods="0" conditionals="0" coveredconditionals="0" statements="0" coveredstatements="0" elements="0" coveredelements="0"/>
        </class>
        <metrics loc="27" ncloc="20" classes="0" methods="0" coveredmethods="0" conditionals="0" coveredconditionals="0" statements="0" coveredstatements="0" elements="0" coveredelements="0"/>
      </file>
      <file name="/Volumes/External/alitycs/.codex-tmp/alitycs-sdk-php-release-recovery/src/Log.php">
        <class name="Alitycs\Log" namespace="Alitycs">
          <metrics complexity="5" methods="3" coveredmethods="2" conditionals="0" coveredconditionals="0" statements="6" coveredstatements="5" elements="9" coveredelements="7"/>
        </class>
        <line num="15" type="method" name="write" visibility="public" complexity="2" crap="2" count="15"/>
        <line num="17" type="stmt" count="15"/>
        <line num="18" type="stmt" count="11"/>
        <line num="21" type="stmt" count="4"/>
        <line num="25" type="method" name="warn" visibility="public" complexity="1" crap="1" count="26"/>
        <line num="27" type="stmt" count="26"/>
        <line num="30" type="method" name="emit" visibility="private" complexity="2" crap="2.50" count="30"/>
        <line num="33" type="stmt" count="30"/>
        <line num="34" type="stmt" count="0"/>
        <metrics loc="39" ncloc="31" classes="1" methods="3" coveredmethods="2" conditionals="0" coveredconditionals="0" statements="6" coveredstatements="5" elements="9" coveredelements="7"/>
      </file>
      <file name="/Volumes/External/alitycs/.codex-tmp/alitycs-sdk-php-release-recovery/src/RevenuePayload.php">
        <class name="Alitycs\RevenuePayload" namespace="Alitycs">
          <metrics complexity="20" methods="8" coveredmethods="8" conditionals="0" coveredconditionals="0" statements="53" coveredstatements="53" elements="61" coveredelements="61"/>
        </class>
        <line num="24" type="method" name="__construct" visibility="private" complexity="1" crap="1" count="21"/>
        <line num="35" type="stmt" count="21"/>
        <line num="37" type="method" name="transaction" visibility="public" complexity="1" crap="1" count="17"/>
        <line num="43" type="stmt" count="17"/>
        <line num="44" type="stmt" count="17"/>
        <line num="47" type="method" name="mrrSnapshot" visibility="public" complexity="1" crap="1" count="3"/>
        <line num="54" type="stmt" count="3"/>
        <line num="55" type="stmt" count="3"/>
        <line num="56" type="stmt" count="3"/>
        <line num="57" type="stmt" count="3"/>
        <line num="58" type="stmt" count="3"/>
        <line num="59" type="stmt" count="3"/>
        <line num="60" type="stmt" count="3"/>
        <line num="61" type="stmt" count="3"/>
        <line num="62" type="stmt" count="3"/>
        <line num="68" type="method" name="mrrBaselineComplete" visibility="public" complexity="1" crap="1" count="2"/>
        <line num="73" type="stmt" count="2"/>
        <line num="74" type="stmt" count="2"/>
        <line num="75" type="stmt" count="2"/>
        <line num="76" type="stmt" count="2"/>
        <line num="77" type="stmt" count="2"/>
        <line num="78" type="stmt" count="2"/>
        <line num="79" type="stmt" count="2"/>
        <line num="82" type="method" name="validated" visibility="private" complexity="10" crap="10" count="21"/>
        <line num="84" type="stmt" count="21"/>
        <line num="85" type="stmt" count="2"/>
        <line num="87" type="stmt" count="19"/>
        <line num="88" type="stmt" count="3"/>
        <line num="91" type="stmt" count="16"/>
        <line num="92" type="stmt" count="16"/>
        <line num="93" type="stmt" count="14"/>
        <line num="96" type="stmt" count="11"/>
        <line num="97" type="stmt" count="11"/>
        <line num="98" type="stmt" count="11"/>
        <line num="100" type="stmt" count="1"/>
        <line num="102" type="stmt" count="10"/>
        <line num="103" type="stmt" count="1"/>
        <line num="106" type="stmt" count="9"/>
        <line num="109" type="method" name="assertValidDecimal" visibility="private" complexity="3" crap="3" count="14"/>
        <line num="111" type="stmt" count="14"/>
        <line num="112" type="stmt" count="4"/>
        <line num="113" type="stmt" count="4"/>
        <line num="114" type="stmt" count="4"/>
        <line num="117" type="stmt" count="10"/>
        <line num="118" type="stmt" count="10"/>
        <line num="119" type="stmt" count="1"/>
        <line num="123" type="method" name="isNegative" visibility="private" complexity="2" crap="2" count="3"/>
        <line num="125" type="stmt" count="3"/>
        <line num="127" type="stmt" count="3"/>
        <line num="130" type="method" name="jsonSerialize" visibility="public" complexity="1" crap="1" count="8"/>
        <line num="132" type="stmt" count="8"/>
        <line num="133" type="stmt" count="8"/>
        <line num="134" type="stmt" count="8"/>
        <line num="135" type="stmt" count="8"/>
        <line num="136" type="stmt" count="8"/>
        <line num="137" type="stmt" count="8"/>
        <line num="138" type="stmt" count="8"/>
        <line num="139" type="stmt" count="8"/>
        <line num="140" type="stmt" count="8"/>
        <line num="141" type="stmt" count="8"/>
        <line num="142" type="stmt" count="8"/>
        <metrics loc="145" ncloc="132" classes="1" methods="8" coveredmethods="8" conditionals="0" coveredconditionals="0" statements="53" coveredstatements="53" elements="61" coveredelements="61"/>
      </file>
      <file name="/Volumes/External/alitycs/.codex-tmp/alitycs-sdk-php-release-recovery/src/SessionData.php">
        <class name="Alitycs\SessionData" namespace="Alitycs">
          <metrics complexity="1" methods="1" coveredmethods="1" conditionals="0" coveredconditionals="0" statements="1" coveredstatements="1" elements="2" coveredelements="2"/>
        </class>
        <line num="12" type="method" name="__construct" visibility="public" complexity="1" crap="1" count="36"/>
        <line num="19" type="stmt" count="36"/>
        <metrics loc="21" ncloc="18" classes="1" methods="1" coveredmethods="1" conditionals="0" coveredconditionals="0" statements="1" coveredstatements="1" elements="2" coveredelements="2"/>
      </file>
      <file name="/Volumes/External/alitycs/.codex-tmp/alitycs-sdk-php-release-recovery/src/SessionManager.php">
        <class name="Alitycs\SessionManager" namespace="Alitycs">
          <metrics complexity="10" methods="9" coveredmethods="9" conditionals="0" coveredconditionals="0" statements="39" coveredstatements="39" elements="48" coveredelements="48"/>
        </class>
        <line num="23" type="method" name="__construct" visibility="public" complexity="1" crap="1" count="36"/>
        <line num="27" type="stmt" count="36"/>
        <line num="30" type="method" name="getSession" visibility="public" complexity="1" crap="1" count="28"/>
        <line num="32" type="stmt" count="28"/>
        <line num="36" type="method" name="touch" visibility="public" complexity="2" crap="2" count="25"/>
        <line num="38" type="stmt" count="25"/>
        <line num="39" type="stmt" count="2"/>
        <line num="41" type="stmt" count="2"/>
        <line num="44" type="stmt" count="23"/>
        <line num="45" type="stmt" count="23"/>
        <line num="46" type="stmt" count="23"/>
        <line num="47" type="stmt" count="23"/>
        <line num="48" type="stmt" count="23"/>
        <line num="49" type="stmt" count="23"/>
        <line num="50" type="stmt" count="23"/>
        <line num="53" type="method" name="setUserId" visibility="public" complexity="1" crap="1" count="7"/>
        <line num="55" type="stmt" count="7"/>
        <line num="56" type="stmt" count="7"/>
        <line num="57" type="stmt" count="7"/>
        <line num="58" type="stmt" count="7"/>
        <line num="59" type="stmt" count="7"/>
        <line num="60" type="stmt" count="7"/>
        <line num="61" type="stmt" count="7"/>
        <line num="65" type="method" name="reset" visibility="public" complexity="1" crap="1" count="4"/>
        <line num="67" type="stmt" count="4"/>
        <line num="69" type="stmt" count="4"/>
        <line num="78" type="method" name="resetForChild" visibility="public" complexity="1" crap="1" count="3"/>
        <line num="80" type="stmt" count="3"/>
        <line num="81" type="stmt" count="3"/>
        <line num="82" type="stmt" count="3"/>
        <line num="83" type="stmt" count="3"/>
        <line num="84" type="stmt" count="3"/>
        <line num="85" type="stmt" count="3"/>
        <line num="86" type="stmt" count="3"/>
        <line num="88" type="stmt" count="3"/>
        <line num="91" type="method" name="isExpired" visibility="private" complexity="1" crap="1" count="25"/>
        <line num="93" type="stmt" count="25"/>
        <line num="96" type="method" name="create" visibility="private" complexity="1" crap="1" count="36"/>
        <line num="98" type="stmt" count="36"/>
        <line num="99" type="stmt" count="36"/>
        <line num="100" type="stmt" count="36"/>
        <line num="101" type="stmt" count="36"/>
        <line num="102" type="stmt" count="36"/>
        <line num="103" type="stmt" count="36"/>
        <line num="104" type="stmt" count="36"/>
        <line num="107" type="method" name="nowMs" visibility="private" complexity="1" crap="1" count="36"/>
        <line num="109" type="stmt" count="36"/>
        <line num="111" type="stmt" count="36"/>
        <metrics loc="114" ncloc="94" classes="1" methods="9" coveredmethods="9" conditionals="0" coveredconditionals="0" statements="39" coveredstatements="39" elements="48" coveredelements="48"/>
      </file>
      <file name="/Volumes/External/alitycs/.codex-tmp/alitycs-sdk-php-release-recovery/src/Utils.php">
        <class name="Alitycs\Utils" namespace="Alitycs">
          <metrics complexity="44" methods="6" coveredmethods="4" conditionals="0" coveredconditionals="0" statements="101" coveredstatements="96" elements="107" coveredelements="100"/>
        </class>
        <line num="16" type="method" name="generateId" visibility="public" complexity="1" crap="1" count="57"/>
        <line num="18" type="stmt" count="57"/>
        <line num="20" type="stmt" count="57"/>
        <line num="21" type="stmt" count="57"/>
        <line num="23" type="stmt" count="57"/>
        <line num="25" type="stmt" count="57"/>
        <line num="26" type="stmt" count="57"/>
        <line num="27" type="stmt" count="57"/>
        <line num="28" type="stmt" count="57"/>
        <line num="29" type="stmt" count="57"/>
        <line num="30" type="stmt" count="57"/>
        <line num="31" type="stmt" count="57"/>
        <line num="32" type="stmt" count="57"/>
        <line num="47" type="method" name="nowMs" visibility="public" complexity="2" crap="2.06" count="50"/>
        <line num="49" type="stmt" count="50"/>
        <line num="50" type="stmt" count="0"/>
        <line num="53" type="stmt" count="50"/>
        <line num="55" type="stmt" count="50"/>
        <line num="72" type="method" name="serializeProperties" visibility="public" complexity="17" crap="17" count="44"/>
        <line num="74" type="stmt" count="44"/>
        <line num="75" type="stmt" count="1"/>
        <line num="76" type="stmt" count="1"/>
        <line num="77" type="stmt" count="1"/>
        <line num="78" type="stmt" count="1"/>
        <line num="81" type="stmt" count="43"/>
        <line num="83" type="stmt" count="43"/>
        <line num="84" type="stmt" count="34"/>
        <line num="85" type="stmt" count="1"/>
        <line num="88" type="stmt" count="34"/>
        <line num="89" type="stmt" count="34"/>
        <line num="90" type="stmt" count="1"/>
        <line num="91" type="stmt" count="1"/>
        <line num="92" type="stmt" count="1"/>
        <line num="93" type="stmt" count="1"/>
        <line num="96" type="stmt" count="33"/>
        <line num="97" type="stmt" count="33"/>
        <line num="98" type="stmt" count="15"/>
        <line num="99" type="stmt" count="14"/>
        <line num="100" type="stmt" count="11"/>
        <line num="101" type="stmt" count="10"/>
        <line num="102" type="stmt" count="9"/>
        <line num="103" type="stmt" count="8"/>
        <line num="104" type="stmt" count="33"/>
        <line num="105" type="stmt" count="33"/>
        <line num="106" type="stmt" count="7"/>
        <line num="107" type="stmt" count="2"/>
        <line num="108" type="stmt" count="1"/>
        <line num="109" type="stmt" count="33"/>
        <line num="111" type="stmt" count="33"/>
        <line num="112" type="stmt" count="2"/>
        <line num="113" type="stmt" count="2"/>
        <line num="114" type="stmt" count="2"/>
        <line num="115" type="stmt" count="2"/>
        <line num="119" type="stmt" count="41"/>
        <line num="122" type="method" name="encodeJson" visibility="private" complexity="2" crap="2" count="6"/>
        <line num="126" type="stmt" count="6"/>
        <line num="127" type="stmt" count="6"/>
        <line num="128" type="stmt" count="6"/>
        <line num="129" type="stmt" count="6"/>
        <line num="133" type="stmt" count="6"/>
        <line num="140" type="method" name="sanitizeUtf8" visibility="public" complexity="6" crap="9.16" count="34"/>
        <line num="142" type="stmt" count="34"/>
        <line num="143" type="stmt" count="34"/>
        <line num="146" type="stmt" count="3"/>
        <line num="148" type="stmt" count="3"/>
        <line num="150" type="stmt" count="3"/>
        <line num="153" type="stmt" count="0"/>
        <line num="155" type="stmt" count="0"/>
        <line num="157" type="stmt" count="0"/>
        <line num="162" type="stmt" count="0"/>
        <line num="172" type="method" name="validateEvent" visibility="public" complexity="16" crap="16" count="28"/>
        <line num="174" type="stmt" count="28"/>
        <line num="176" type="stmt" count="28"/>
        <line num="177" type="stmt" count="1"/>
        <line num="179" type="stmt" count="28"/>
        <line num="180" type="stmt" count="28"/>
        <line num="182" type="stmt" count="1"/>
        <line num="185" type="stmt" count="28"/>
        <line num="186" type="stmt" count="28"/>
        <line num="187" type="stmt" count="1"/>
        <line num="189" type="stmt" count="27"/>
        <line num="190" type="stmt" count="27"/>
        <line num="191" type="stmt" count="27"/>
        <line num="192" type="stmt" count="2"/>
        <line num="193" type="stmt" count="25"/>
        <line num="194" type="stmt" count="1"/>
        <line num="198" type="stmt" count="28"/>
        <line num="199" type="stmt" count="19"/>
        <line num="200" type="stmt" count="1"/>
        <line num="201" type="stmt" count="1"/>
        <line num="203" type="stmt" count="19"/>
        <line num="204" type="stmt" count="1"/>
        <line num="205" type="stmt" count="1"/>
        <line num="209" type="stmt" count="28"/>
        <line num="210" type="stmt" count="28"/>
        <line num="211" type="stmt" count="28"/>
        <line num="212" type="stmt" count="28"/>
        <line num="213" type="stmt" count="28"/>
        <line num="214" type="stmt" count="28"/>
        <line num="215" type="stmt" count="28"/>
        <line num="216" type="stmt" count="28"/>
        <line num="217" type="stmt" count="28"/>
        <line num="218" type="stmt" count="28"/>
        <line num="219" type="stmt" count="1"/>
        <line num="220" type="stmt" count="1"/>
        <line num="223" type="stmt" count="28"/>
        <line num="224" type="stmt" count="6"/>
        <metrics loc="228" ncloc="175" classes="1" methods="6" coveredmethods="4" conditionals="0" coveredconditionals="0" statements="101" coveredstatements="96" elements="107" coveredelements="100"/>
      </file>
    </package>
    <file name="/Volumes/External/alitycs/.codex-tmp/alitycs-sdk-php-release-recovery/src/EventType.php">
      <metrics loc="17" ncloc="14" classes="0" methods="0" coveredmethods="0" conditionals="0" coveredconditionals="0" statements="0" coveredstatements="0" elements="0" coveredelements="0"/>
    </file>
    <metrics files="18" loc="2275" ncloc="1874" classes="15" methods="108" coveredmethods="93" conditionals="0" coveredconditionals="0" statements="793" coveredstatements="743" elements="901" coveredelements="836"/>
  </project>
</coverage>
