<?xml version="1.0" encoding="UTF-8"?>
<coverage generated="1787504908">
  <project timestamp="1787504908" name="Clover Coverage">
    <package name="Alitycs">
      <file name="/Volumes/External/alitycs/alitycs-sdk/alitycs-sdk-php/src/AnalyticsEvent.php">
        <class name="Alitycs\AnalyticsEvent" namespace="Alitycs">
          <metrics complexity="3" methods="2" coveredmethods="2" conditionals="0" coveredconditionals="0" statements="13" coveredstatements="13" elements="15" coveredelements="15"/>
        </class>
        <line num="13" type="method" name="__construct" visibility="public" complexity="1" crap="1" count="29"/>
        <line num="25" type="stmt" count="29"/>
        <line num="27" type="method" name="jsonSerialize" visibility="public" complexity="2" crap="2" count="20"/>
        <line num="29" type="stmt" count="20"/>
        <line num="30" type="stmt" count="20"/>
        <line num="31" type="stmt" count="20"/>
        <line num="32" type="stmt" count="20"/>
        <line num="33" type="stmt" count="20"/>
        <line num="34" type="stmt" count="20"/>
        <line num="35" type="stmt" count="20"/>
        <line num="38" type="stmt" count="20"/>
        <line num="39" type="stmt" count="20"/>
        <line num="40" type="stmt" count="20"/>
        <line num="41" type="stmt" count="20"/>
        <line num="42" type="stmt" count="20"/>
        <metrics loc="45" ncloc="39" classes="1" methods="2" coveredmethods="2" conditionals="0" coveredconditionals="0" statements="13" coveredstatements="13" elements="15" coveredelements="15"/>
      </file>
      <file name="/Volumes/External/alitycs/alitycs-sdk/alitycs-sdk-php/src/BatchManager.php">
        <class name="Alitycs\BatchManager" namespace="Alitycs">
          <metrics complexity="12" methods="5" coveredmethods="5" conditionals="0" coveredconditionals="0" statements="27" coveredstatements="27" elements="32" coveredelements="32"/>
        </class>
        <line num="26" type="method" name="__construct" visibility="public" complexity="1" crap="1" count="22"/>
        <line num="31" type="stmt" count="22"/>
        <line num="34" type="method" name="add" visibility="public" complexity="6" crap="6" count="17"/>
        <line num="36" type="stmt" count="17"/>
        <line num="37" type="stmt" count="1"/>
        <line num="39" type="stmt" count="1"/>
        <line num="42" type="stmt" count="17"/>
        <line num="44" type="stmt" count="17"/>
        <line num="45" type="stmt" count="4"/>
        <line num="47" type="stmt" count="4"/>
        <line num="53" type="stmt" count="16"/>
        <line num="54" type="stmt" count="16"/>
        <line num="55" type="stmt" count="16"/>
        <line num="57" type="stmt" count="2"/>
        <line num="62" type="method" name="flush" visibility="public" complexity="3" crap="3" count="17"/>
        <line num="64" type="stmt" count="17"/>
        <line num="65" type="stmt" count="4"/>
        <line num="68" type="stmt" count="14"/>
        <line num="70" type="stmt" count="14"/>
        <line num="71" type="stmt" count="14"/>
        <line num="73" type="stmt" count="14"/>
        <line num="76" type="stmt" count="14"/>
        <line num="77" type="stmt" count="1"/>
        <line num="78" type="stmt" count="1"/>
        <line num="79" type="stmt" count="1"/>
        <line num="80" type="stmt" count="1"/>
        <line num="81" type="stmt" count="1"/>
        <line num="85" type="method" name="pending" visibility="public" complexity="1" crap="1" count="21"/>
        <line num="87" type="stmt" count="21"/>
        <line num="90" type="method" name="now" visibility="private" complexity="1" crap="1" count="22"/>
        <line num="92" type="stmt" count="22"/>
        <line num="94" type="stmt" count="22"/>
        <metrics loc="97" ncloc="81" classes="1" methods="5" coveredmethods="5" conditionals="0" coveredconditionals="0" statements="27" coveredstatements="27" elements="32" coveredelements="32"/>
      </file>
      <file name="/Volumes/External/alitycs/alitycs-sdk/alitycs-sdk-php/src/BatchPayload.php">
        <class name="Alitycs\BatchPayload" namespace="Alitycs">
          <metrics complexity="2" methods="2" coveredmethods="2" conditionals="0" coveredconditionals="0" statements="6" coveredstatements="6" elements="8" coveredelements="8"/>
        </class>
        <line num="16" type="method" name="__construct" visibility="public" complexity="1" crap="1" count="23"/>
        <line num="21" type="stmt" count="23"/>
        <line num="23" type="method" name="jsonSerialize" visibility="public" complexity="1" crap="1" count="17"/>
        <line num="25" type="stmt" count="17"/>
        <line num="26" type="stmt" count="17"/>
        <line num="27" type="stmt" count="17"/>
        <line num="28" type="stmt" count="17"/>
        <line num="29" type="stmt" count="17"/>
        <metrics loc="32" ncloc="25" classes="1" methods="2" coveredmethods="2" conditionals="0" coveredconditionals="0" statements="6" coveredstatements="6" elements="8" coveredelements="8"/>
      </file>
      <file name="/Volumes/External/alitycs/alitycs-sdk/alitycs-sdk-php/src/Client.php">
        <class name="Alitycs\Client" namespace="Alitycs">
          <metrics complexity="30" methods="15" coveredmethods="14" conditionals="0" coveredconditionals="0" statements="73" coveredstatements="70" elements="88" coveredelements="84"/>
        </class>
        <line num="45" type="method" name="__construct" visibility="public" complexity="3" crap="3.05" count="13"/>
        <line num="47" type="stmt" count="13"/>
        <line num="48" type="stmt" count="13"/>
        <line num="49" type="stmt" count="13"/>
        <line num="50" type="stmt" count="13"/>
        <line num="51" type="stmt" count="13"/>
        <line num="52" type="stmt" count="13"/>
        <line num="53" type="stmt" count="13"/>
        <line num="54" type="stmt" count="13"/>
        <line num="55" type="stmt" count="13"/>
        <line num="56" type="stmt" count="13"/>
        <line num="57" type="stmt" count="12"/>
        <line num="58" type="stmt" count="1"/>
        <line num="61" type="stmt" count="13"/>
        <line num="63" type="stmt" count="0"/>
        <line num="64" type="stmt" count="0"/>
        <line num="65" type="stmt" count="0"/>
        <line num="67" type="stmt" count="13"/>
        <line num="71" type="method" name="track" visibility="public" complexity="2" crap="2" count="8"/>
        <line num="73" type="stmt" count="8"/>
        <line num="74" type="stmt" count="1"/>
        <line num="77" type="stmt" count="7"/>
        <line num="85" type="method" name="trackRevenue" visibility="public" complexity="1" crap="1" count="1"/>
        <line num="87" type="stmt" count="1"/>
        <line num="91" type="method" name="captureError" visibility="public" complexity="2" crap="2" count="2"/>
        <line num="93" type="stmt" count="2"/>
        <line num="94" type="stmt" count="1"/>
        <line num="97" type="stmt" count="1"/>
        <line num="105" type="method" name="identify" visibility="public" complexity="2" crap="2" count="3"/>
        <line num="107" type="stmt" count="3"/>
        <line num="108" type="stmt" count="1"/>
        <line num="111" type="stmt" count="2"/>
        <line num="112" type="stmt" count="2"/>
        <line num="115" type="stmt" count="2"/>
        <line num="119" type="method" name="page" visibility="public" complexity="3" crap="3" count="1"/>
        <line num="121" type="stmt" count="1"/>
        <line num="123" type="stmt" count="1"/>
        <line num="127" type="method" name="reset" visibility="public" complexity="1" crap="1" count="1"/>
        <line num="129" type="stmt" count="1"/>
        <line num="130" type="stmt" count="1"/>
        <line num="134" type="method" name="setGlobalProperties" visibility="public" complexity="2" crap="2" count="2"/>
        <line num="136" type="stmt" count="2"/>
        <line num="137" type="stmt" count="2"/>
        <line num="142" type="method" name="getGlobalProperties" visibility="public" complexity="1" crap="1" count="2"/>
        <line num="144" type="stmt" count="2"/>
        <line num="148" type="method" name="removeGlobalProperties" visibility="public" complexity="2" crap="2" count="1"/>
        <line num="150" type="stmt" count="1"/>
        <line num="151" type="stmt" count="1"/>
        <line num="155" type="method" name="clearGlobalProperties" visibility="public" complexity="1" crap="1" count="1"/>
        <line num="157" type="stmt" count="1"/>
        <line num="161" type="method" name="flush" visibility="public" complexity="2" crap="2" count="9"/>
        <line num="163" type="stmt" count="9"/>
        <line num="164" type="stmt" count="1"/>
        <line num="167" type="stmt" count="8"/>
        <line num="175" type="method" name="shutdown" visibility="public" complexity="4" crap="4" count="13"/>
        <line num="177" type="stmt" count="13"/>
        <line num="178" type="stmt" count="2"/>
        <line num="181" type="stmt" count="13"/>
        <line num="184" type="stmt" count="13"/>
        <line num="185" type="stmt" count="1"/>
        <line num="190" type="method" name="pending" visibility="public" complexity="1" crap="1" count="3"/>
        <line num="192" type="stmt" count="3"/>
        <line num="196" type="method" name="enqueue" visibility="private" complexity="3" crap="3" count="10"/>
        <line num="198" type="stmt" count="10"/>
        <line num="199" type="stmt" count="1"/>
        <line num="201" type="stmt" count="1"/>
        <line num="204" type="stmt" count="9"/>
        <line num="205" type="stmt" count="9"/>
        <line num="207" type="stmt" count="9"/>
        <line num="208" type="stmt" count="9"/>
        <line num="209" type="stmt" count="9"/>
        <line num="210" type="stmt" count="9"/>
        <line num="211" type="stmt" count="9"/>
        <line num="212" type="stmt" count="9"/>
        <line num="213" type="stmt" count="9"/>
        <line num="214" type="stmt" count="9"/>
        <line num="215" type="stmt" count="9"/>
        <line num="216" type="stmt" count="9"/>
        <line num="217" type="stmt" count="9"/>
        <line num="218" type="stmt" count="9"/>
        <line num="219" type="stmt" count="9"/>
        <line num="220" type="stmt" count="9"/>
        <line num="222" type="stmt" count="9"/>
        <line num="223" type="stmt" count="8"/>
        <line num="225" type="stmt" count="8"/>
        <line num="229" type="stmt" count="1"/>
        <line num="230" type="stmt" count="1"/>
        <line num="231" type="stmt" count="1"/>
        <metrics loc="234" ncloc="181" classes="1" methods="15" coveredmethods="14" conditionals="0" coveredconditionals="0" statements="73" coveredstatements="70" elements="88" coveredelements="84"/>
      </file>
      <file name="/Volumes/External/alitycs/alitycs-sdk/alitycs-sdk-php/src/Config.php">
        <class name="Alitycs\Config" namespace="Alitycs">
          <metrics complexity="18" methods="6" coveredmethods="6" conditionals="0" coveredconditionals="0" statements="37" coveredstatements="37" elements="43" coveredelements="43"/>
        </class>
        <line num="67" type="method" name="__construct" visibility="public" complexity="4" crap="4" count="41"/>
        <line num="69" type="stmt" count="41"/>
        <line num="70" type="stmt" count="2"/>
        <line num="72" type="stmt" count="39"/>
        <line num="74" type="stmt" count="39"/>
        <line num="75" type="stmt" count="38"/>
        <line num="76" type="stmt" count="1"/>
        <line num="80" type="stmt" count="38"/>
        <line num="81" type="stmt" count="36"/>
        <line num="82" type="stmt" count="34"/>
        <line num="83" type="stmt" count="31"/>
        <line num="84" type="stmt" count="30"/>
        <line num="85" type="stmt" count="29"/>
        <line num="86" type="stmt" count="28"/>
        <line num="87" type="stmt" count="27"/>
        <line num="88" type="stmt" count="26"/>
        <line num="91" type="method" name="apiKey" visibility="public" complexity="1" crap="1" count="14"/>
        <line num="93" type="stmt" count="14"/>
        <line num="99" type="method" name="stringOption" visibility="private" complexity="3" crap="3" count="38"/>
        <line num="101" type="stmt" count="38"/>
        <line num="102" type="stmt" count="38"/>
        <line num="103" type="stmt" count="2"/>
        <line num="106" type="stmt" count="36"/>
        <line num="112" type="method" name="intOption" visibility="private" complexity="3" crap="3" count="36"/>
        <line num="114" type="stmt" count="36"/>
        <line num="115" type="stmt" count="36"/>
        <line num="116" type="stmt" count="1"/>
        <line num="118" type="stmt" count="35"/>
        <line num="119" type="stmt" count="5"/>
        <line num="122" type="stmt" count="34"/>
        <line num="128" type="method" name="floatOption" visibility="private" complexity="5" crap="5" count="34"/>
        <line num="130" type="stmt" count="34"/>
        <line num="132" type="stmt" count="34"/>
        <line num="133" type="stmt" count="1"/>
        <line num="135" type="stmt" count="33"/>
        <line num="136" type="stmt" count="33"/>
        <line num="137" type="stmt" count="2"/>
        <line num="140" type="stmt" count="31"/>
        <line num="146" type="method" name="boolOption" visibility="private" complexity="2" crap="2" count="27"/>
        <line num="148" type="stmt" count="27"/>
        <line num="149" type="stmt" count="27"/>
        <line num="150" type="stmt" count="2"/>
        <line num="153" type="stmt" count="26"/>
        <metrics loc="156" ncloc="119" classes="1" methods="6" coveredmethods="6" conditionals="0" coveredconditionals="0" statements="37" coveredstatements="37" elements="43" coveredelements="43"/>
      </file>
      <file name="/Volumes/External/alitycs/alitycs-sdk/alitycs-sdk-php/src/Context.php">
        <class name="Alitycs\Context" namespace="Alitycs">
          <metrics complexity="5" methods="2" coveredmethods="1" conditionals="0" coveredconditionals="0" statements="13" coveredstatements="12" elements="15" coveredelements="13"/>
        </class>
        <line num="12" type="method" name="collect" visibility="public" complexity="1" crap="1" count="11"/>
        <line num="14" type="stmt" count="11"/>
        <line num="15" type="stmt" count="11"/>
        <line num="16" type="stmt" count="11"/>
        <line num="17" type="stmt" count="11"/>
        <line num="18" type="stmt" count="11"/>
        <line num="19" type="stmt" count="11"/>
        <line num="20" type="stmt" count="11"/>
        <line num="21" type="stmt" count="11"/>
        <line num="22" type="stmt" count="11"/>
        <line num="29" type="method" name="locale" visibility="private" complexity="4" crap="4.25" count="11"/>
        <line num="31" type="stmt" count="11"/>
        <line num="32" type="stmt" count="0"/>
        <line num="35" type="stmt" count="11"/>
        <line num="37" type="stmt" count="11"/>
        <metrics loc="40" ncloc="33" classes="1" methods="2" coveredmethods="1" conditionals="0" coveredconditionals="0" statements="13" coveredstatements="12" elements="15" coveredelements="13"/>
      </file>
      <file name="/Volumes/External/alitycs/alitycs-sdk/alitycs-sdk-php/src/EventContext.php">
        <class name="Alitycs\EventContext" namespace="Alitycs">
          <metrics complexity="2" methods="2" coveredmethods="2" conditionals="0" coveredconditionals="0" statements="10" coveredstatements="10" elements="12" coveredelements="12"/>
        </class>
        <line num="14" type="method" name="__construct" visibility="public" complexity="1" crap="1" count="32"/>
        <line num="23" type="stmt" count="32"/>
        <line num="25" type="method" name="jsonSerialize" visibility="public" complexity="1" crap="1" count="20"/>
        <line num="27" type="stmt" count="20"/>
        <line num="28" type="stmt" count="20"/>
        <line num="29" type="stmt" count="20"/>
        <line num="30" type="stmt" count="20"/>
        <line num="31" type="stmt" count="20"/>
        <line num="32" type="stmt" count="20"/>
        <line num="33" type="stmt" count="20"/>
        <line num="34" type="stmt" count="20"/>
        <line num="35" type="stmt" count="20"/>
        <metrics loc="38" ncloc="33" classes="1" methods="2" coveredmethods="2" conditionals="0" coveredconditionals="0" statements="10" coveredstatements="10" elements="12" coveredelements="12"/>
      </file>
      <file name="/Volumes/External/alitycs/alitycs-sdk/alitycs-sdk-php/src/HttpTransport.php">
        <class name="Alitycs\HttpTransport" namespace="Alitycs">
          <metrics complexity="16" methods="4" coveredmethods="4" conditionals="0" coveredconditionals="0" statements="45" coveredstatements="45" elements="49" coveredelements="49"/>
        </class>
        <line num="24" type="method" name="__construct" visibility="public" complexity="1" crap="1" count="20"/>
        <line num="32" type="stmt" count="20"/>
        <line num="35" type="method" name="send" visibility="public" complexity="11" crap="11" count="16"/>
        <line num="37" type="stmt" count="16"/>
        <line num="38" type="stmt" count="16"/>
        <line num="39" type="stmt" count="1"/>
        <line num="41" type="stmt" count="1"/>
        <line num="44" type="stmt" count="15"/>
        <line num="46" type="stmt" count="15"/>
        <line num="47" type="stmt" count="15"/>
        <line num="48" type="stmt" count="5"/>
        <line num="51" type="stmt" count="15"/>
        <line num="53" type="stmt" count="15"/>
        <line num="54" type="stmt" count="1"/>
        <line num="55" type="stmt" count="14"/>
        <line num="56" type="stmt" count="12"/>
        <line num="57" type="stmt" count="5"/>
        <line num="58" type="stmt" count="1"/>
        <line num="60" type="stmt" count="1"/>
        <line num="62" type="stmt" count="4"/>
        <line num="65" type="stmt" count="5"/>
        <line num="66" type="stmt" count="5"/>
        <line num="70" type="stmt" count="2"/>
        <line num="72" type="stmt" count="2"/>
        <line num="78" type="method" name="post" visibility="private" complexity="2" crap="2" count="15"/>
        <line num="80" type="stmt" count="15"/>
        <line num="81" type="stmt" count="15"/>
        <line num="82" type="stmt" count="15"/>
        <line num="83" type="stmt" count="15"/>
        <line num="84" type="stmt" count="15"/>
        <line num="85" type="stmt" count="15"/>
        <line num="86" type="stmt" count="15"/>
        <line num="87" type="stmt" count="15"/>
        <line num="88" type="stmt" count="15"/>
        <line num="89" type="stmt" count="15"/>
        <line num="90" type="stmt" count="15"/>
        <line num="91" type="stmt" count="15"/>
        <line num="93" type="stmt" count="15"/>
        <line num="94" type="stmt" count="15"/>
        <line num="95" type="stmt" count="1"/>
        <line num="96" type="stmt" count="1"/>
        <line num="100" type="stmt" count="1"/>
        <line num="103" type="stmt" count="14"/>
        <line num="105" type="stmt" count="14"/>
        <line num="108" type="method" name="sleep" visibility="private" complexity="2" crap="2" count="5"/>
        <line num="110" type="stmt" count="5"/>
        <line num="111" type="stmt" count="4"/>
        <line num="113" type="stmt" count="4"/>
        <line num="116" type="stmt" count="1"/>
        <metrics loc="119" ncloc="101" classes="1" methods="4" coveredmethods="4" conditionals="0" coveredconditionals="0" statements="45" coveredstatements="45" elements="49" coveredelements="49"/>
      </file>
      <file name="/Volumes/External/alitycs/alitycs-sdk/alitycs-sdk-php/src/Log.php">
        <class name="Alitycs\Log" namespace="Alitycs">
          <metrics complexity="3" methods="1" coveredmethods="0" conditionals="0" coveredconditionals="0" statements="4" coveredstatements="3" elements="5" coveredelements="3"/>
        </class>
        <line num="13" type="method" name="write" visibility="public" complexity="3" crap="3.14" count="10"/>
        <line num="15" type="stmt" count="10"/>
        <line num="16" type="stmt" count="7"/>
        <line num="20" type="stmt" count="3"/>
        <line num="21" type="stmt" count="0"/>
        <metrics loc="26" ncloc="21" classes="1" methods="1" coveredmethods="0" conditionals="0" coveredconditionals="0" statements="4" coveredstatements="3" elements="5" coveredelements="3"/>
      </file>
      <file name="/Volumes/External/alitycs/alitycs-sdk/alitycs-sdk-php/src/RevenuePayload.php">
        <class name="Alitycs\RevenuePayload" namespace="Alitycs">
          <metrics complexity="20" methods="8" coveredmethods="8" conditionals="0" coveredconditionals="0" statements="53" coveredstatements="53" elements="61" coveredelements="61"/>
        </class>
        <line num="24" type="method" name="__construct" visibility="private" complexity="1" crap="1" count="19"/>
        <line num="35" type="stmt" count="19"/>
        <line num="37" type="method" name="transaction" visibility="public" complexity="1" crap="1" count="15"/>
        <line num="43" type="stmt" count="15"/>
        <line num="44" type="stmt" count="15"/>
        <line num="47" type="method" name="mrrSnapshot" visibility="public" complexity="1" crap="1" count="3"/>
        <line num="54" type="stmt" count="3"/>
        <line num="55" type="stmt" count="3"/>
        <line num="56" type="stmt" count="3"/>
        <line num="57" type="stmt" count="3"/>
        <line num="58" type="stmt" count="3"/>
        <line num="59" type="stmt" count="3"/>
        <line num="60" type="stmt" count="3"/>
        <line num="61" type="stmt" count="3"/>
        <line num="62" type="stmt" count="3"/>
        <line num="68" type="method" name="mrrBaselineComplete" visibility="public" complexity="1" crap="1" count="2"/>
        <line num="73" type="stmt" count="2"/>
        <line num="74" type="stmt" count="2"/>
        <line num="75" type="stmt" count="2"/>
        <line num="76" type="stmt" count="2"/>
        <line num="77" type="stmt" count="2"/>
        <line num="78" type="stmt" count="2"/>
        <line num="79" type="stmt" count="2"/>
        <line num="82" type="method" name="validated" visibility="private" complexity="10" crap="10" count="19"/>
        <line num="84" type="stmt" count="19"/>
        <line num="85" type="stmt" count="2"/>
        <line num="87" type="stmt" count="17"/>
        <line num="88" type="stmt" count="3"/>
        <line num="91" type="stmt" count="14"/>
        <line num="92" type="stmt" count="14"/>
        <line num="93" type="stmt" count="12"/>
        <line num="96" type="stmt" count="9"/>
        <line num="97" type="stmt" count="9"/>
        <line num="98" type="stmt" count="9"/>
        <line num="100" type="stmt" count="1"/>
        <line num="102" type="stmt" count="8"/>
        <line num="103" type="stmt" count="1"/>
        <line num="106" type="stmt" count="7"/>
        <line num="109" type="method" name="assertValidDecimal" visibility="private" complexity="3" crap="3" count="12"/>
        <line num="111" type="stmt" count="12"/>
        <line num="112" type="stmt" count="4"/>
        <line num="113" type="stmt" count="4"/>
        <line num="114" type="stmt" count="4"/>
        <line num="117" type="stmt" count="8"/>
        <line num="118" type="stmt" count="8"/>
        <line num="119" type="stmt" count="1"/>
        <line num="123" type="method" name="isNegative" visibility="private" complexity="2" crap="2" count="3"/>
        <line num="125" type="stmt" count="3"/>
        <line num="127" type="stmt" count="3"/>
        <line num="130" type="method" name="jsonSerialize" visibility="public" complexity="1" crap="1" count="6"/>
        <line num="132" type="stmt" count="6"/>
        <line num="133" type="stmt" count="6"/>
        <line num="134" type="stmt" count="6"/>
        <line num="135" type="stmt" count="6"/>
        <line num="136" type="stmt" count="6"/>
        <line num="137" type="stmt" count="6"/>
        <line num="138" type="stmt" count="6"/>
        <line num="139" type="stmt" count="6"/>
        <line num="140" type="stmt" count="6"/>
        <line num="141" type="stmt" count="6"/>
        <line num="142" type="stmt" count="6"/>
        <metrics loc="145" ncloc="132" classes="1" methods="8" coveredmethods="8" conditionals="0" coveredconditionals="0" statements="53" coveredstatements="53" elements="61" coveredelements="61"/>
      </file>
      <file name="/Volumes/External/alitycs/alitycs-sdk/alitycs-sdk-php/src/SessionData.php">
        <class name="Alitycs\SessionData" namespace="Alitycs">
          <metrics complexity="1" methods="1" coveredmethods="1" conditionals="0" coveredconditionals="0" statements="1" coveredstatements="1" elements="2" coveredelements="2"/>
        </class>
        <line num="12" type="method" name="__construct" visibility="public" complexity="1" crap="1" count="20"/>
        <line num="19" type="stmt" count="20"/>
        <metrics loc="21" ncloc="18" classes="1" methods="1" coveredmethods="1" conditionals="0" coveredconditionals="0" statements="1" coveredstatements="1" elements="2" coveredelements="2"/>
      </file>
      <file name="/Volumes/External/alitycs/alitycs-sdk/alitycs-sdk-php/src/SessionManager.php">
        <class name="Alitycs\SessionManager" namespace="Alitycs">
          <metrics complexity="9" methods="8" coveredmethods="8" conditionals="0" coveredconditionals="0" statements="31" coveredstatements="31" elements="39" coveredelements="39"/>
        </class>
        <line num="23" type="method" name="__construct" visibility="public" complexity="1" crap="1" count="20"/>
        <line num="27" type="stmt" count="20"/>
        <line num="30" type="method" name="getSession" visibility="public" complexity="1" crap="1" count="16"/>
        <line num="32" type="stmt" count="16"/>
        <line num="36" type="method" name="touch" visibility="public" complexity="2" crap="2" count="13"/>
        <line num="38" type="stmt" count="13"/>
        <line num="39" type="stmt" count="2"/>
        <line num="41" type="stmt" count="2"/>
        <line num="44" type="stmt" count="11"/>
        <line num="45" type="stmt" count="11"/>
        <line num="46" type="stmt" count="11"/>
        <line num="47" type="stmt" count="11"/>
        <line num="48" type="stmt" count="11"/>
        <line num="49" type="stmt" count="11"/>
        <line num="50" type="stmt" count="11"/>
        <line num="53" type="method" name="setUserId" visibility="public" complexity="1" crap="1" count="4"/>
        <line num="55" type="stmt" count="4"/>
        <line num="56" type="stmt" count="4"/>
        <line num="57" type="stmt" count="4"/>
        <line num="58" type="stmt" count="4"/>
        <line num="59" type="stmt" count="4"/>
        <line num="60" type="stmt" count="4"/>
        <line num="61" type="stmt" count="4"/>
        <line num="65" type="method" name="reset" visibility="public" complexity="1" crap="1" count="2"/>
        <line num="67" type="stmt" count="2"/>
        <line num="69" type="stmt" count="2"/>
        <line num="72" type="method" name="isExpired" visibility="private" complexity="1" crap="1" count="13"/>
        <line num="74" type="stmt" count="13"/>
        <line num="77" type="method" name="create" visibility="private" complexity="1" crap="1" count="20"/>
        <line num="79" type="stmt" count="20"/>
        <line num="80" type="stmt" count="20"/>
        <line num="81" type="stmt" count="20"/>
        <line num="82" type="stmt" count="20"/>
        <line num="83" type="stmt" count="20"/>
        <line num="84" type="stmt" count="20"/>
        <line num="85" type="stmt" count="20"/>
        <line num="88" type="method" name="nowMs" visibility="private" complexity="1" crap="1" count="20"/>
        <line num="90" type="stmt" count="20"/>
        <line num="92" type="stmt" count="20"/>
        <metrics loc="95" ncloc="81" classes="1" methods="8" coveredmethods="8" conditionals="0" coveredconditionals="0" statements="31" coveredstatements="31" elements="39" coveredelements="39"/>
      </file>
      <file name="/Volumes/External/alitycs/alitycs-sdk/alitycs-sdk-php/src/Utils.php">
        <class name="Alitycs\Utils" namespace="Alitycs">
          <metrics complexity="18" methods="4" coveredmethods="4" conditionals="0" coveredconditionals="0" statements="34" coveredstatements="34" elements="38" coveredelements="38"/>
        </class>
        <line num="16" type="method" name="generateId" visibility="public" complexity="1" crap="1" count="28"/>
        <line num="18" type="stmt" count="28"/>
        <line num="20" type="stmt" count="28"/>
        <line num="21" type="stmt" count="28"/>
        <line num="23" type="stmt" count="28"/>
        <line num="25" type="stmt" count="28"/>
        <line num="26" type="stmt" count="28"/>
        <line num="27" type="stmt" count="28"/>
        <line num="28" type="stmt" count="28"/>
        <line num="29" type="stmt" count="28"/>
        <line num="30" type="stmt" count="28"/>
        <line num="31" type="stmt" count="28"/>
        <line num="32" type="stmt" count="28"/>
        <line num="39" type="method" name="nowMs" visibility="public" complexity="1" crap="1" count="16"/>
        <line num="41" type="stmt" count="16"/>
        <line num="49" type="method" name="serializeProperties" visibility="public" complexity="14" crap="14" count="25"/>
        <line num="51" type="stmt" count="25"/>
        <line num="53" type="stmt" count="25"/>
        <line num="54" type="stmt" count="22"/>
        <line num="55" type="stmt" count="1"/>
        <line num="58" type="stmt" count="22"/>
        <line num="59" type="stmt" count="22"/>
        <line num="60" type="stmt" count="14"/>
        <line num="61" type="stmt" count="13"/>
        <line num="62" type="stmt" count="11"/>
        <line num="63" type="stmt" count="10"/>
        <line num="64" type="stmt" count="9"/>
        <line num="65" type="stmt" count="8"/>
        <line num="66" type="stmt" count="22"/>
        <line num="67" type="stmt" count="22"/>
        <line num="68" type="stmt" count="7"/>
        <line num="69" type="stmt" count="2"/>
        <line num="70" type="stmt" count="1"/>
        <line num="71" type="stmt" count="22"/>
        <line num="74" type="stmt" count="25"/>
        <line num="77" type="method" name="encodeJson" visibility="private" complexity="2" crap="2" count="6"/>
        <line num="79" type="stmt" count="6"/>
        <line num="83" type="stmt" count="6"/>
        <metrics loc="86" ncloc="67" classes="1" methods="4" coveredmethods="4" conditionals="0" coveredconditionals="0" statements="34" coveredstatements="34" elements="38" coveredelements="38"/>
      </file>
    </package>
    <file name="/Volumes/External/alitycs/alitycs-sdk/alitycs-sdk-php/src/EventType.php">
      <metrics loc="17" ncloc="14" classes="0" methods="0" coveredmethods="0" conditionals="0" coveredconditionals="0" statements="0" coveredstatements="0" elements="0" coveredelements="0"/>
    </file>
    <metrics files="14" loc="1151" ncloc="945" classes="13" methods="60" coveredmethods="57" conditionals="0" coveredconditionals="0" statements="347" coveredstatements="342" elements="407" coveredelements="399"/>
  </project>
</coverage>
